{"/home/vaibhav/Amazatic/MERN/NodeJs/movieKnexDatabase/database/connectdb.js": {"path":"/home/vaibhav/Amazatic/MERN/NodeJs/movieKnexDatabase/database/connectdb.js","statementMap":{"0":{"start":{"line":2,"column":13},"end":{"line":2,"column":28}},"1":{"start":{"line":3,"column":17},"end":{"line":3,"column":38}},"2":{"start":{"line":4,"column":20},"end":{"line":4,"column":26}},"3":{"start":{"line":5,"column":11},"end":{"line":5,"column":38}},"4":{"start":{"line":9,"column":0},"end":{"line":9,"column":19}}},"fnMap":{},"branchMap":{},"s":{"0":1,"1":1,"2":1,"3":1,"4":1},"f":{},"b":{},"_coverageSchema":"1a1c01bbd47fc00a2c39e90264f33305004495a9","hash":"ea6b8c96b1dd2882c969ed540ae99f311e8a1a73"}
,"/home/vaibhav/Amazatic/MERN/NodeJs/movieKnexDatabase/database/knexfile.js": {"path":"/home/vaibhav/Amazatic/MERN/NodeJs/movieKnexDatabase/database/knexfile.js","statementMap":{"0":{"start":{"line":7,"column":15},"end":{"line":7,"column":26}},"1":{"start":{"line":8,"column":13},"end":{"line":8,"column":28}},"2":{"start":{"line":9,"column":0},"end":{"line":79,"column":2}}},"fnMap":{},"branchMap":{},"s":{"0":1,"1":1,"2":1},"f":{},"b":{},"_coverageSchema":"1a1c01bbd47fc00a2c39e90264f33305004495a9","hash":"1d4a3f74dd50a471d52739e482574c836c80559d"}
}
