{"/home/amazatic/amazatic/node/movieKnexDatabase/database/connectdb.js": {"path":"/home/amazatic/amazatic/node/movieKnexDatabase/database/connectdb.js","statementMap":{"0":{"start":{"line":2,"column":13},"end":{"line":2,"column":28}},"1":{"start":{"line":3,"column":17},"end":{"line":3,"column":38}},"2":{"start":{"line":4,"column":17},"end":{"line":4,"column":23}},"3":{"start":{"line":5,"column":11},"end":{"line":5,"column":34}},"4":{"start":{"line":9,"column":0},"end":{"line":9,"column":19}}},"fnMap":{},"branchMap":{},"s":{"0":1,"1":1,"2":1,"3":1,"4":1},"f":{},"b":{},"_coverageSchema":"1a1c01bbd47fc00a2c39e90264f33305004495a9","hash":"41e8602168bb643f9407e8adb2c11691ce29bce5"}
,"/home/amazatic/amazatic/node/movieKnexDatabase/database/knexfile.js": {"path":"/home/amazatic/amazatic/node/movieKnexDatabase/database/knexfile.js","statementMap":{"0":{"start":{"line":7,"column":15},"end":{"line":7,"column":26}},"1":{"start":{"line":8,"column":13},"end":{"line":8,"column":28}},"2":{"start":{"line":9,"column":0},"end":{"line":72,"column":2}}},"fnMap":{},"branchMap":{},"s":{"0":1,"1":1,"2":1},"f":{},"b":{},"_coverageSchema":"1a1c01bbd47fc00a2c39e90264f33305004495a9","hash":"e97d2b477ceb9aa47431d1fcc31ad6c943334058"}
,"/home/amazatic/amazatic/node/movieKnexDatabase/database/migrations/20220701120232_movieschema.js": {"path":"/home/amazatic/amazatic/node/movieKnexDatabase/database/migrations/20220701120232_movieschema.js","statementMap":{"0":{"start":{"line":5,"column":0},"end":{"line":43,"column":2}},"1":{"start":{"line":6,"column":4},"end":{"line":41,"column":6}},"2":{"start":{"line":8,"column":8},"end":{"line":8,"column":41}},"3":{"start":{"line":9,"column":8},"end":{"line":9,"column":47}},"4":{"start":{"line":10,"column":8},"end":{"line":10,"column":53}},"5":{"start":{"line":11,"column":8},"end":{"line":11,"column":37}},"6":{"start":{"line":14,"column":8},"end":{"line":14,"column":41}},"7":{"start":{"line":15,"column":8},"end":{"line":15,"column":48}},"8":{"start":{"line":16,"column":8},"end":{"line":16,"column":51}},"9":{"start":{"line":17,"column":8},"end":{"line":17,"column":45}},"10":{"start":{"line":18,"column":8},"end":{"line":18,"column":47}},"11":{"start":{"line":19,"column":8},"end":{"line":19,"column":55}},"12":{"start":{"line":20,"column":8},"end":{"line":20,"column":53}},"13":{"start":{"line":21,"column":8},"end":{"line":21,"column":113}},"14":{"start":{"line":22,"column":8},"end":{"line":22,"column":37}},"15":{"start":{"line":25,"column":8},"end":{"line":25,"column":41}},"16":{"start":{"line":26,"column":8},"end":{"line":26,"column":48}},"17":{"start":{"line":27,"column":8},"end":{"line":27,"column":53}},"18":{"start":{"line":28,"column":8},"end":{"line":28,"column":37}},"19":{"start":{"line":31,"column":8},"end":{"line":31,"column":41}},"20":{"start":{"line":32,"column":8},"end":{"line":32,"column":114}},"21":{"start":{"line":33,"column":8},"end":{"line":33,"column":113}},"22":{"start":{"line":34,"column":8},"end":{"line":34,"column":37}},"23":{"start":{"line":37,"column":8},"end":{"line":37,"column":41}},"24":{"start":{"line":38,"column":8},"end":{"line":38,"column":117}},"25":{"start":{"line":39,"column":8},"end":{"line":39,"column":113}},"26":{"start":{"line":40,"column":8},"end":{"line":40,"column":37}},"27":{"start":{"line":49,"column":0},"end":{"line":56,"column":2}},"28":{"start":{"line":50,"column":4},"end":{"line":55,"column":32}}},"fnMap":{"0":{"name":"(anonymous_0)","decl":{"start":{"line":5,"column":13},"end":{"line":5,"column":14}},"loc":{"start":{"line":5,"column":28},"end":{"line":43,"column":1}},"line":5},"1":{"name":"(anonymous_1)","decl":{"start":{"line":7,"column":26},"end":{"line":7,"column":27}},"loc":{"start":{"line":7,"column":41},"end":{"line":12,"column":5}},"line":7},"2":{"name":"(anonymous_2)","decl":{"start":{"line":13,"column":25},"end":{"line":13,"column":26}},"loc":{"start":{"line":13,"column":40},"end":{"line":23,"column":5}},"line":13},"3":{"name":"(anonymous_3)","decl":{"start":{"line":24,"column":27},"end":{"line":24,"column":28}},"loc":{"start":{"line":24,"column":42},"end":{"line":29,"column":5}},"line":24},"4":{"name":"(anonymous_4)","decl":{"start":{"line":30,"column":32},"end":{"line":30,"column":33}},"loc":{"start":{"line":30,"column":47},"end":{"line":35,"column":5}},"line":30},"5":{"name":"(anonymous_5)","decl":{"start":{"line":36,"column":35},"end":{"line":36,"column":36}},"loc":{"start":{"line":36,"column":50},"end":{"line":41,"column":5}},"line":36},"6":{"name":"(anonymous_6)","decl":{"start":{"line":49,"column":15},"end":{"line":49,"column":16}},"loc":{"start":{"line":49,"column":30},"end":{"line":56,"column":1}},"line":49}},"branchMap":{},"s":{"0":1,"1":1,"2":1,"3":1,"4":1,"5":1,"6":1,"7":1,"8":1,"9":1,"10":1,"11":1,"12":1,"13":1,"14":1,"15":1,"16":1,"17":1,"18":1,"19":1,"20":1,"21":1,"22":1,"23":1,"24":1,"25":1,"26":1,"27":1,"28":1},"f":{"0":1,"1":1,"2":1,"3":1,"4":1,"5":1,"6":1},"b":{},"_coverageSchema":"1a1c01bbd47fc00a2c39e90264f33305004495a9","hash":"feec8af6cf0aedbeae3220d1bbdfd1c457fee530"}
,"/home/amazatic/amazatic/node/movieKnexDatabase/database/migrations/20220703125242_userschema.js": {"path":"/home/amazatic/amazatic/node/movieKnexDatabase/database/migrations/20220703125242_userschema.js","statementMap":{"0":{"start":{"line":5,"column":0},"end":{"line":16,"column":2}},"1":{"start":{"line":6,"column":2},"end":{"line":15,"column":6}},"2":{"start":{"line":8,"column":4},"end":{"line":8,"column":37}},"3":{"start":{"line":9,"column":4},"end":{"line":9,"column":44}},"4":{"start":{"line":10,"column":4},"end":{"line":10,"column":49}},"5":{"start":{"line":11,"column":4},"end":{"line":11,"column":50}},"6":{"start":{"line":12,"column":4},"end":{"line":12,"column":43}},"7":{"start":{"line":13,"column":4},"end":{"line":13,"column":47}},"8":{"start":{"line":14,"column":4},"end":{"line":14,"column":33}},"9":{"start":{"line":22,"column":0},"end":{"line":25,"column":2}},"10":{"start":{"line":23,"column":2},"end":{"line":24,"column":29}}},"fnMap":{"0":{"name":"(anonymous_0)","decl":{"start":{"line":5,"column":13},"end":{"line":5,"column":14}},"loc":{"start":{"line":5,"column":28},"end":{"line":16,"column":1}},"line":5},"1":{"name":"(anonymous_1)","decl":{"start":{"line":7,"column":23},"end":{"line":7,"column":24}},"loc":{"start":{"line":7,"column":39},"end":{"line":15,"column":5}},"line":7},"2":{"name":"(anonymous_2)","decl":{"start":{"line":22,"column":15},"end":{"line":22,"column":16}},"loc":{"start":{"line":22,"column":30},"end":{"line":25,"column":1}},"line":22}},"branchMap":{},"s":{"0":1,"1":1,"2":1,"3":1,"4":1,"5":1,"6":1,"7":1,"8":1,"9":1,"10":1},"f":{"0":1,"1":1,"2":1},"b":{},"_coverageSchema":"1a1c01bbd47fc00a2c39e90264f33305004495a9","hash":"d018e50dfa438e6682896e96d4a5548be4fadac3"}
,"/home/amazatic/amazatic/node/movieKnexDatabase/database/seeds/genre.js": {"path":"/home/amazatic/amazatic/node/movieKnexDatabase/database/seeds/genre.js","statementMap":{"0":{"start":{"line":5,"column":0},"end":{"line":16,"column":2}},"1":{"start":{"line":7,"column":2},"end":{"line":7,"column":27}},"2":{"start":{"line":8,"column":2},"end":{"line":15,"column":5}}},"fnMap":{"0":{"name":"(anonymous_0)","decl":{"start":{"line":5,"column":15},"end":{"line":5,"column":16}},"loc":{"start":{"line":5,"column":36},"end":{"line":16,"column":1}},"line":5}},"branchMap":{},"s":{"0":1,"1":1,"2":1},"f":{"0":1},"b":{},"_coverageSchema":"1a1c01bbd47fc00a2c39e90264f33305004495a9","hash":"81d3a5b210ef0817d5df3b04bdfb7c3635e593a3"}
,"/home/amazatic/amazatic/node/movieKnexDatabase/database/seeds/people.js": {"path":"/home/amazatic/amazatic/node/movieKnexDatabase/database/seeds/people.js","statementMap":{"0":{"start":{"line":5,"column":0},"end":{"line":15,"column":2}},"1":{"start":{"line":7,"column":2},"end":{"line":7,"column":28}},"2":{"start":{"line":8,"column":2},"end":{"line":14,"column":5}}},"fnMap":{"0":{"name":"(anonymous_0)","decl":{"start":{"line":5,"column":15},"end":{"line":5,"column":16}},"loc":{"start":{"line":5,"column":36},"end":{"line":15,"column":1}},"line":5}},"branchMap":{},"s":{"0":1,"1":1,"2":1},"f":{"0":1},"b":{},"_coverageSchema":"1a1c01bbd47fc00a2c39e90264f33305004495a9","hash":"b3c86fb38d1ffdae9c24c7866bf9e31c4492fd74"}
,"/home/amazatic/amazatic/node/movieKnexDatabase/database/seeds/user.js": {"path":"/home/amazatic/amazatic/node/movieKnexDatabase/database/seeds/user.js","statementMap":{"0":{"start":{"line":5,"column":16},"end":{"line":5,"column":27}},"1":{"start":{"line":6,"column":16},"end":{"line":6,"column":33}},"2":{"start":{"line":9,"column":1},"end":{"line":23,"column":2}},"3":{"start":{"line":11,"column":15},"end":{"line":11,"column":43}},"4":{"start":{"line":12,"column":25},"end":{"line":12,"column":69}},"5":{"start":{"line":13,"column":2},"end":{"line":13,"column":26}},"6":{"start":{"line":14,"column":2},"end":{"line":22,"column":5}}},"fnMap":{"0":{"name":"(anonymous_0)","decl":{"start":{"line":9,"column":16},"end":{"line":9,"column":17}},"loc":{"start":{"line":9,"column":37},"end":{"line":23,"column":1}},"line":9}},"branchMap":{},"s":{"0":1,"1":1,"2":1,"3":1,"4":1,"5":1,"6":1},"f":{"0":1},"b":{},"_coverageSchema":"1a1c01bbd47fc00a2c39e90264f33305004495a9","hash":"ba65dcf963f5e2aba1b91fc0467d82e0a17fd5da"}
}
